g:\git\ssi\libs\build\python-3.7.7\pcbuild\obj\37amd64_release\pythoncore\vc140.pdb
g:\git\ssi\libs\build\python-3.7.7\pcbuild\obj\37amd64_release\pythoncore\_stat.obj
g:\git\ssi\libs\build\python-3.7.7\pcbuild\obj\37amd64_release\pythoncore\_sre.obj
g:\git\ssi\libs\build\python-3.7.7\pcbuild\obj\37amd64_release\pythoncore\sha3module.obj
g:\git\ssi\libs\build\python-3.7.7\pcbuild\obj\37amd64_release\pythoncore\_randommodule.obj
g:\git\ssi\libs\build\python-3.7.7\pcbuild\obj\37amd64_release\pythoncore\_pickle.obj
g:\git\ssi\libs\build\python-3.7.7\pcbuild\obj\37amd64_release\pythoncore\_math.obj
g:\git\ssi\libs\build\python-3.7.7\pcbuild\obj\37amd64_release\pythoncore\_lsprof.obj
g:\git\ssi\libs\build\python-3.7.7\pcbuild\obj\37amd64_release\pythoncore\_localemodule.obj
g:\git\ssi\libs\build\python-3.7.7\pcbuild\obj\37amd64_release\pythoncore\_json.obj
g:\git\ssi\libs\build\python-3.7.7\pcbuild\obj\37amd64_release\pythoncore\_heapqmodule.obj
g:\git\ssi\libs\build\python-3.7.7\pcbuild\obj\37amd64_release\pythoncore\_functoolsmodule.obj
g:\git\ssi\libs\build\python-3.7.7\pcbuild\obj\37amd64_release\pythoncore\_csv.obj
g:\git\ssi\libs\build\python-3.7.7\pcbuild\obj\37amd64_release\pythoncore\_contextvarsmodule.obj
g:\git\ssi\libs\build\python-3.7.7\pcbuild\obj\37amd64_release\pythoncore\_collectionsmodule.obj
g:\git\ssi\libs\build\python-3.7.7\pcbuild\obj\37amd64_release\pythoncore\_codecsmodule.obj
g:\git\ssi\libs\build\python-3.7.7\pcbuild\obj\37amd64_release\pythoncore\blake2s_impl.obj
g:\git\ssi\libs\build\python-3.7.7\pcbuild\obj\37amd64_release\pythoncore\blake2b_impl.obj
g:\git\ssi\libs\build\python-3.7.7\pcbuild\obj\37amd64_release\pythoncore\blake2module.obj
g:\git\ssi\libs\build\python-3.7.7\pcbuild\obj\37amd64_release\pythoncore\_bisectmodule.obj
g:\git\ssi\libs\build\python-3.7.7\pcbuild\obj\37amd64_release\pythoncore\_abc.obj
g:\git\ssi\libs\build\python-3.7.7\pcbuild\obj\37amd64_release\pythoncore\parsermodule.obj
g:\git\ssi\libs\build\python-3.7.7\pcbuild\obj\37amd64_release\pythoncore\_operator.obj
g:\git\ssi\libs\build\python-3.7.7\pcbuild\obj\37amd64_release\pythoncore\_opcode.obj
g:\git\ssi\libs\build\python-3.7.7\pcbuild\obj\37amd64_release\pythoncore\mmapmodule.obj
g:\git\ssi\libs\build\python-3.7.7\pcbuild\obj\37amd64_release\pythoncore\md5module.obj
g:\git\ssi\libs\build\python-3.7.7\pcbuild\obj\37amd64_release\pythoncore\mathmodule.obj
g:\git\ssi\libs\build\python-3.7.7\pcbuild\obj\37amd64_release\pythoncore\main.obj
g:\git\ssi\libs\build\python-3.7.7\pcbuild\obj\37amd64_release\pythoncore\itertoolsmodule.obj
g:\git\ssi\libs\build\python-3.7.7\pcbuild\obj\37amd64_release\pythoncore\hashtable.obj
g:\git\ssi\libs\build\python-3.7.7\pcbuild\obj\37amd64_release\pythoncore\gcmodule.obj
g:\git\ssi\libs\build\python-3.7.7\pcbuild\obj\37amd64_release\pythoncore\faulthandler.obj
g:\git\ssi\libs\build\python-3.7.7\pcbuild\obj\37amd64_release\pythoncore\errnomodule.obj
g:\git\ssi\libs\build\python-3.7.7\pcbuild\obj\37amd64_release\pythoncore\_datetimemodule.obj
g:\git\ssi\libs\build\python-3.7.7\pcbuild\obj\37amd64_release\pythoncore\cmathmodule.obj
g:\git\ssi\libs\build\python-3.7.7\pcbuild\obj\37amd64_release\pythoncore\binascii.obj
g:\git\ssi\libs\build\python-3.7.7\pcbuild\obj\37amd64_release\pythoncore\audioop.obj
g:\git\ssi\libs\build\python-3.7.7\pcbuild\obj\37amd64_release\pythoncore\atexitmodule.obj
g:\git\ssi\libs\build\python-3.7.7\pcbuild\obj\37amd64_release\pythoncore\arraymodule.obj
g:\git\ssi\libs\build\python-3.7.7\pcbuild\obj\37amd64_release\pythoncore\_weakref.obj
g:\git\ssi\libs\build\python-3.7.7\pcbuild\obj\37amd64_release\pythoncore\_struct.obj
g:\git\ssi\libs\build\python-3.7.7\pcbuild\obj\37amd64_release\pythoncore\_iomodule.obj
g:\git\ssi\libs\build\python-3.7.7\pcbuild\obj\37amd64_release\pythoncore\winconsoleio.obj
g:\git\ssi\libs\build\python-3.7.7\pcbuild\obj\37amd64_release\pythoncore\textio.obj
g:\git\ssi\libs\build\python-3.7.7\pcbuild\obj\37amd64_release\pythoncore\iobase.obj
g:\git\ssi\libs\build\python-3.7.7\pcbuild\obj\37amd64_release\pythoncore\bufferedio.obj
g:\git\ssi\libs\build\python-3.7.7\pcbuild\obj\37amd64_release\pythoncore\stringio.obj
g:\git\ssi\libs\build\python-3.7.7\pcbuild\obj\37amd64_release\pythoncore\bytesio.obj
g:\git\ssi\libs\build\python-3.7.7\pcbuild\obj\37amd64_release\pythoncore\fileio.obj
g:\git\ssi\libs\build\python-3.7.7\pcbuild\obj\37amd64_release\pythoncore\zipimport.obj
g:\git\ssi\libs\build\python-3.7.7\pcbuild\obj\37amd64_release\pythoncore\xxsubtype.obj
g:\git\ssi\libs\build\python-3.7.7\pcbuild\obj\37amd64_release\pythoncore\timemodule.obj
g:\git\ssi\libs\build\python-3.7.7\pcbuild\obj\37amd64_release\pythoncore\_tracemalloc.obj
g:\git\ssi\libs\build\python-3.7.7\pcbuild\obj\37amd64_release\pythoncore\_threadmodule.obj
g:\git\ssi\libs\build\python-3.7.7\pcbuild\obj\37amd64_release\pythoncore\symtablemodule.obj
g:\git\ssi\libs\build\python-3.7.7\pcbuild\obj\37amd64_release\pythoncore\signalmodule.obj
g:\git\ssi\libs\build\python-3.7.7\pcbuild\obj\37amd64_release\pythoncore\sha512module.obj
g:\git\ssi\libs\build\python-3.7.7\pcbuild\obj\37amd64_release\pythoncore\sha256module.obj
g:\git\ssi\libs\build\python-3.7.7\pcbuild\obj\37amd64_release\pythoncore\sha1module.obj
g:\git\ssi\libs\build\python-3.7.7\pcbuild\obj\37amd64_release\pythoncore\rotatingtree.obj
g:\git\ssi\libs\build\python-3.7.7\pcbuild\obj\37amd64_release\pythoncore\posixmodule.obj
g:\git\ssi\libs\build\python-3.7.7\pcbuild\obj\37amd64_release\pythoncore\complexobject.obj
g:\git\ssi\libs\build\python-3.7.7\pcbuild\obj\37amd64_release\pythoncore\codeobject.obj
g:\git\ssi\libs\build\python-3.7.7\pcbuild\obj\37amd64_release\pythoncore\classobject.obj
g:\git\ssi\libs\build\python-3.7.7\pcbuild\obj\37amd64_release\pythoncore\cellobject.obj
g:\git\ssi\libs\build\python-3.7.7\pcbuild\obj\37amd64_release\pythoncore\capsule.obj
g:\git\ssi\libs\build\python-3.7.7\pcbuild\obj\37amd64_release\pythoncore\call.obj
g:\git\ssi\libs\build\python-3.7.7\pcbuild\obj\37amd64_release\pythoncore\bytesobject.obj
g:\git\ssi\libs\build\python-3.7.7\pcbuild\obj\37amd64_release\pythoncore\bytes_methods.obj
g:\git\ssi\libs\build\python-3.7.7\pcbuild\obj\37amd64_release\pythoncore\bytearrayobject.obj
g:\git\ssi\libs\build\python-3.7.7\pcbuild\obj\37amd64_release\pythoncore\boolobject.obj
g:\git\ssi\libs\build\python-3.7.7\pcbuild\obj\37amd64_release\pythoncore\accu.obj
g:\git\ssi\libs\build\python-3.7.7\pcbuild\obj\37amd64_release\pythoncore\abstract.obj
g:\git\ssi\libs\build\python-3.7.7\pcbuild\obj\37amd64_release\pythoncore\_winapi.obj
g:\git\ssi\libs\build\python-3.7.7\pcbuild\obj\37amd64_release\pythoncore\multibytecodec.obj
g:\git\ssi\libs\build\python-3.7.7\pcbuild\obj\37amd64_release\pythoncore\_codecs_tw.obj
g:\git\ssi\libs\build\python-3.7.7\pcbuild\obj\37amd64_release\pythoncore\_codecs_kr.obj
g:\git\ssi\libs\build\python-3.7.7\pcbuild\obj\37amd64_release\pythoncore\_codecs_jp.obj
g:\git\ssi\libs\build\python-3.7.7\pcbuild\obj\37amd64_release\pythoncore\_codecs_iso2022.obj
g:\git\ssi\libs\build\python-3.7.7\pcbuild\obj\37amd64_release\pythoncore\_codecs_hk.obj
g:\git\ssi\libs\build\python-3.7.7\pcbuild\obj\37amd64_release\pythoncore\_codecs_cn.obj
g:\git\ssi\libs\build\python-3.7.7\pcbuild\obj\37amd64_release\pythoncore\rangeobject.obj
g:\git\ssi\libs\build\python-3.7.7\pcbuild\obj\37amd64_release\pythoncore\odictobject.obj
g:\git\ssi\libs\build\python-3.7.7\pcbuild\obj\37amd64_release\pythoncore\obmalloc.obj
g:\git\ssi\libs\build\python-3.7.7\pcbuild\obj\37amd64_release\pythoncore\object.obj
g:\git\ssi\libs\build\python-3.7.7\pcbuild\obj\37amd64_release\pythoncore\namespaceobject.obj
g:\git\ssi\libs\build\python-3.7.7\pcbuild\obj\37amd64_release\pythoncore\moduleobject.obj
g:\git\ssi\libs\build\python-3.7.7\pcbuild\obj\37amd64_release\pythoncore\methodobject.obj
g:\git\ssi\libs\build\python-3.7.7\pcbuild\obj\37amd64_release\pythoncore\memoryobject.obj
g:\git\ssi\libs\build\python-3.7.7\pcbuild\obj\37amd64_release\pythoncore\longobject.obj
g:\git\ssi\libs\build\python-3.7.7\pcbuild\obj\37amd64_release\pythoncore\listobject.obj
g:\git\ssi\libs\build\python-3.7.7\pcbuild\obj\37amd64_release\pythoncore\iterobject.obj
g:\git\ssi\libs\build\python-3.7.7\pcbuild\obj\37amd64_release\pythoncore\genobject.obj
g:\git\ssi\libs\build\python-3.7.7\pcbuild\obj\37amd64_release\pythoncore\funcobject.obj
g:\git\ssi\libs\build\python-3.7.7\pcbuild\obj\37amd64_release\pythoncore\frameobject.obj
g:\git\ssi\libs\build\python-3.7.7\pcbuild\obj\37amd64_release\pythoncore\floatobject.obj
g:\git\ssi\libs\build\python-3.7.7\pcbuild\obj\37amd64_release\pythoncore\fileobject.obj
g:\git\ssi\libs\build\python-3.7.7\pcbuild\obj\37amd64_release\pythoncore\exceptions.obj
g:\git\ssi\libs\build\python-3.7.7\pcbuild\obj\37amd64_release\pythoncore\enumobject.obj
g:\git\ssi\libs\build\python-3.7.7\pcbuild\obj\37amd64_release\pythoncore\dictobject.obj
g:\git\ssi\libs\build\python-3.7.7\pcbuild\obj\37amd64_release\pythoncore\descrobject.obj
g:\git\ssi\libs\build\python-3.7.7\pcbuild\obj\37amd64_release\pythoncore\tokenizer.obj
g:\git\ssi\libs\build\python-3.7.7\pcbuild\obj\37amd64_release\pythoncore\parsetok.obj
g:\git\ssi\libs\build\python-3.7.7\pcbuild\obj\37amd64_release\pythoncore\parser.obj
g:\git\ssi\libs\build\python-3.7.7\pcbuild\obj\37amd64_release\pythoncore\node.obj
g:\git\ssi\libs\build\python-3.7.7\pcbuild\obj\37amd64_release\pythoncore\myreadline.obj
g:\git\ssi\libs\build\python-3.7.7\pcbuild\obj\37amd64_release\pythoncore\metagrammar.obj
g:\git\ssi\libs\build\python-3.7.7\pcbuild\obj\37amd64_release\pythoncore\listnode.obj
g:\git\ssi\libs\build\python-3.7.7\pcbuild\obj\37amd64_release\pythoncore\grammar1.obj
g:\git\ssi\libs\build\python-3.7.7\pcbuild\obj\37amd64_release\pythoncore\grammar.obj
g:\git\ssi\libs\build\python-3.7.7\pcbuild\obj\37amd64_release\pythoncore\firstsets.obj
g:\git\ssi\libs\build\python-3.7.7\pcbuild\obj\37amd64_release\pythoncore\bitset.obj
g:\git\ssi\libs\build\python-3.7.7\pcbuild\obj\37amd64_release\pythoncore\acceler.obj
g:\git\ssi\libs\build\python-3.7.7\pcbuild\obj\37amd64_release\pythoncore\weakrefobject.obj
g:\git\ssi\libs\build\python-3.7.7\pcbuild\obj\37amd64_release\pythoncore\unicodeobject.obj
g:\git\ssi\libs\build\python-3.7.7\pcbuild\obj\37amd64_release\pythoncore\unicodectype.obj
g:\git\ssi\libs\build\python-3.7.7\pcbuild\obj\37amd64_release\pythoncore\typeobject.obj
g:\git\ssi\libs\build\python-3.7.7\pcbuild\obj\37amd64_release\pythoncore\tupleobject.obj
g:\git\ssi\libs\build\python-3.7.7\pcbuild\obj\37amd64_release\pythoncore\structseq.obj
g:\git\ssi\libs\build\python-3.7.7\pcbuild\obj\37amd64_release\pythoncore\sliceobject.obj
g:\git\ssi\libs\build\python-3.7.7\pcbuild\obj\37amd64_release\pythoncore\setobject.obj
g:\git\ssi\libs\build\python-3.7.7\pcbuild\obj\37amd64_release\pythoncore\errors.obj
g:\git\ssi\libs\build\python-3.7.7\pcbuild\obj\37amd64_release\pythoncore\dynload_win.obj
g:\git\ssi\libs\build\python-3.7.7\pcbuild\obj\37amd64_release\pythoncore\dynamic_annotations.obj
g:\git\ssi\libs\build\python-3.7.7\pcbuild\obj\37amd64_release\pythoncore\context.obj
g:\git\ssi\libs\build\python-3.7.7\pcbuild\obj\37amd64_release\pythoncore\compile.obj
g:\git\ssi\libs\build\python-3.7.7\pcbuild\obj\37amd64_release\pythoncore\codecs.obj
g:\git\ssi\libs\build\python-3.7.7\pcbuild\obj\37amd64_release\pythoncore\ceval.obj
g:\git\ssi\libs\build\python-3.7.7\pcbuild\obj\37amd64_release\pythoncore\bootstrap_hash.obj
g:\git\ssi\libs\build\python-3.7.7\pcbuild\obj\37amd64_release\pythoncore\bltinmodule.obj
g:\git\ssi\libs\build\python-3.7.7\pcbuild\obj\37amd64_release\pythoncore\ast_unparse.obj
g:\git\ssi\libs\build\python-3.7.7\pcbuild\obj\37amd64_release\pythoncore\ast_opt.obj
g:\git\ssi\libs\build\python-3.7.7\pcbuild\obj\37amd64_release\pythoncore\ast.obj
g:\git\ssi\libs\build\python-3.7.7\pcbuild\obj\37amd64_release\pythoncore\asdl.obj
g:\git\ssi\libs\build\python-3.7.7\pcbuild\obj\37amd64_release\pythoncore\_warnings.obj
g:\git\ssi\libs\build\python-3.7.7\pcbuild\obj\37amd64_release\pythoncore\pyhash.obj
g:\git\ssi\libs\build\python-3.7.7\pcbuild\obj\37amd64_release\pythoncore\msvcrtmodule.obj
g:\git\ssi\libs\build\python-3.7.7\pcbuild\obj\37amd64_release\pythoncore\getpathp.obj
g:\git\ssi\libs\build\python-3.7.7\pcbuild\obj\37amd64_release\pythoncore\config.obj
g:\git\ssi\libs\build\python-3.7.7\pcbuild\obj\37amd64_release\pythoncore\winreg.obj
g:\git\ssi\libs\build\python-3.7.7\pcbuild\obj\37amd64_release\pythoncore\invalid_parameter_handler.obj
g:\git\ssi\libs\build\python-3.7.7\pcbuild\obj\37amd64_release\pythoncore\peephole.obj
g:\git\ssi\libs\build\python-3.7.7\pcbuild\obj\37amd64_release\pythoncore\pathconfig.obj
g:\git\ssi\libs\build\python-3.7.7\pcbuild\obj\37amd64_release\pythoncore\mystrtoul.obj
g:\git\ssi\libs\build\python-3.7.7\pcbuild\obj\37amd64_release\pythoncore\mysnprintf.obj
g:\git\ssi\libs\build\python-3.7.7\pcbuild\obj\37amd64_release\pythoncore\modsupport.obj
g:\git\ssi\libs\build\python-3.7.7\pcbuild\obj\37amd64_release\pythoncore\marshal.obj
g:\git\ssi\libs\build\python-3.7.7\pcbuild\obj\37amd64_release\pythoncore\importdl.obj
g:\git\ssi\libs\build\python-3.7.7\pcbuild\obj\37amd64_release\pythoncore\import.obj
g:\git\ssi\libs\build\python-3.7.7\pcbuild\obj\37amd64_release\pythoncore\hamt.obj
g:\git\ssi\libs\build\python-3.7.7\pcbuild\obj\37amd64_release\pythoncore\graminit.obj
g:\git\ssi\libs\build\python-3.7.7\pcbuild\obj\37amd64_release\pythoncore\getversion.obj
g:\git\ssi\libs\build\python-3.7.7\pcbuild\obj\37amd64_release\pythoncore\getplatform.obj
g:\git\ssi\libs\build\python-3.7.7\pcbuild\obj\37amd64_release\pythoncore\getopt.obj
g:\git\ssi\libs\build\python-3.7.7\pcbuild\obj\37amd64_release\pythoncore\getcopyright.obj
g:\git\ssi\libs\build\python-3.7.7\pcbuild\obj\37amd64_release\pythoncore\getcompiler.obj
g:\git\ssi\libs\build\python-3.7.7\pcbuild\obj\37amd64_release\pythoncore\getargs.obj
g:\git\ssi\libs\build\python-3.7.7\pcbuild\obj\37amd64_release\pythoncore\future.obj
g:\git\ssi\libs\build\python-3.7.7\pcbuild\obj\37amd64_release\pythoncore\frozen.obj
g:\git\ssi\libs\build\python-3.7.7\pcbuild\obj\37amd64_release\pythoncore\formatter_unicode.obj
g:\git\ssi\libs\build\python-3.7.7\pcbuild\obj\37amd64_release\pythoncore\fileutils.obj
g:\git\ssi\libs\build\python-3.7.7\pcbuild\obj\37amd64_release\pythoncore\dl_nt.obj
g:\git\ssi\libs\build\python-3.7.7\pcbuild\obj\37amd64_release\pythoncore\traceback.obj
g:\git\ssi\libs\build\python-3.7.7\pcbuild\obj\37amd64_release\pythoncore\thread.obj
g:\git\ssi\libs\build\python-3.7.7\pcbuild\obj\37amd64_release\pythoncore\sysmodule.obj
g:\git\ssi\libs\build\python-3.7.7\pcbuild\obj\37amd64_release\pythoncore\symtable.obj
g:\git\ssi\libs\build\python-3.7.7\pcbuild\obj\37amd64_release\pythoncore\structmember.obj
g:\git\ssi\libs\build\python-3.7.7\pcbuild\obj\37amd64_release\pythoncore\pythonrun.obj
g:\git\ssi\libs\build\python-3.7.7\pcbuild\obj\37amd64_release\pythoncore\python-ast.obj
g:\git\ssi\libs\build\python-3.7.7\pcbuild\obj\37amd64_release\pythoncore\dtoa.obj
g:\git\ssi\libs\build\python-3.7.7\pcbuild\obj\37amd64_release\pythoncore\pystrtod.obj
g:\git\ssi\libs\build\python-3.7.7\pcbuild\obj\37amd64_release\pythoncore\pystrhex.obj
g:\git\ssi\libs\build\python-3.7.7\pcbuild\obj\37amd64_release\pythoncore\pystrcmp.obj
g:\git\ssi\libs\build\python-3.7.7\pcbuild\obj\37amd64_release\pythoncore\pystate.obj
g:\git\ssi\libs\build\python-3.7.7\pcbuild\obj\37amd64_release\pythoncore\pytime.obj
g:\git\ssi\libs\build\python-3.7.7\pcbuild\obj\37amd64_release\pythoncore\pymath.obj
g:\git\ssi\libs\build\python-3.7.7\pcbuild\obj\37amd64_release\pythoncore\pylifecycle.obj
g:\git\ssi\libs\build\python-3.7.7\pcbuild\obj\37amd64_release\pythoncore\pyfpe.obj
g:\git\ssi\libs\build\python-3.7.7\pcbuild\obj\37amd64_release\pythoncore\pyctype.obj
g:\git\ssi\libs\build\python-3.7.7\pcbuild\obj\37amd64_release\pythoncore\pyarena.obj
g:\git\ssi\libs\build\python-3.7.7\pcbuild\obj\37amd64_release\pythoncore\getbuildinfo.obj
g:\git\ssi\libs\build\python-3.7.7\pcbuild\amd64\python37.dll
g:\git\ssi\libs\build\python-3.7.7\pcbuild\amd64\python37.pdb
g:\git\ssi\libs\build\python-3.7.7\pcbuild\amd64\python37.lib
g:\git\ssi\libs\build\python-3.7.7\pcbuild\amd64\python37.exp
g:\git\ssi\libs\build\python-3.7.7\pcbuild\obj\37amd64_release\pythoncore\python_nt.res
g:\git\ssi\libs\build\python-3.7.7\pcbuild\obj\37amd64_release\pythoncore\pythoncore.tlog\cl.command.1.tlog
g:\git\ssi\libs\build\python-3.7.7\pcbuild\obj\37amd64_release\pythoncore\pythoncore.tlog\cl.read.1.tlog
g:\git\ssi\libs\build\python-3.7.7\pcbuild\obj\37amd64_release\pythoncore\pythoncore.tlog\cl.write.1.tlog
g:\git\ssi\libs\build\python-3.7.7\pcbuild\obj\37amd64_release\pythoncore\pythoncore.tlog\link.command.1.tlog
g:\git\ssi\libs\build\python-3.7.7\pcbuild\obj\37amd64_release\pythoncore\pythoncore.tlog\link.read.1.tlog
g:\git\ssi\libs\build\python-3.7.7\pcbuild\obj\37amd64_release\pythoncore\pythoncore.tlog\link.write.1.tlog
g:\git\ssi\libs\build\python-3.7.7\pcbuild\obj\37amd64_release\pythoncore\pythoncore.tlog\pythoncore.write.1u.tlog
g:\git\ssi\libs\build\python-3.7.7\pcbuild\obj\37amd64_release\pythoncore\pythoncore.tlog\rc.command.1.tlog
g:\git\ssi\libs\build\python-3.7.7\pcbuild\obj\37amd64_release\pythoncore\pythoncore.tlog\rc.read.1.tlog
g:\git\ssi\libs\build\python-3.7.7\pcbuild\obj\37amd64_release\pythoncore\pythoncore.tlog\rc.write.1.tlog
