  Killing any running python.exe instances...
  Getting build info from git
  Building heads/dev-dirty:8271f33c dev
G:\Git\ssi\libs\build\Python-3.7.7\PCbuild\pythoncore.vcxproj(460,5): warning : Not including zlib is not a supported configuration.
  _abc.c
  _bisectmodule.c
  blake2module.c
  blake2b_impl.c
  blake2s_impl.c
  _codecsmodule.c
  _collectionsmodule.c
  _contextvarsmodule.c
  _csv.c
  _functoolsmodule.c
  _heapqmodule.c
  _json.c
  _localemodule.c
  _lsprof.c
  _math.c
  _pickle.c
  _randommodule.c
  sha3module.c
  _sre.c
  _stat.c
  Kompilieren...
  _struct.c
  _weakref.c
  arraymodule.c
  atexitmodule.c
  audioop.c
  binascii.c
  cmathmodule.c
  _datetimemodule.c
  errnomodule.c
  faulthandler.c
  gcmodule.c
  hashtable.c
  itertoolsmodule.c
  main.c
  mathmodule.c
  md5module.c
  mmapmodule.c
  _opcode.c
  _operator.c
  parsermodule.c
  Kompilieren...
  posixmodule.c
  rotatingtree.c
  sha1module.c
  sha256module.c
  sha512module.c
  signalmodule.c
  symtablemodule.c
  _threadmodule.c
  _tracemalloc.c
  timemodule.c
  xxsubtype.c
  zipimport.c
  fileio.c
  bytesio.c
  stringio.c
  bufferedio.c
  iobase.c
  textio.c
  winconsoleio.c
  _iomodule.c
  Kompilieren...
  _codecs_cn.c
  _codecs_hk.c
  _codecs_iso2022.c
  _codecs_jp.c
  _codecs_kr.c
  _codecs_tw.c
  multibytecodec.c
  _winapi.c
  abstract.c
  accu.c
  boolobject.c
  bytearrayobject.c
  bytes_methods.c
  bytesobject.c
  call.c
  capsule.c
  cellobject.c
  classobject.c
  codeobject.c
  complexobject.c
  Kompilieren...
  descrobject.c
  dictobject.c
  enumobject.c
  exceptions.c
  fileobject.c
  floatobject.c
  frameobject.c
  funcobject.c
  genobject.c
  iterobject.c
  listobject.c
  longobject.c
  memoryobject.c
  methodobject.c
  moduleobject.c
  namespaceobject.c
  object.c
  obmalloc.c
  odictobject.c
  rangeobject.c
  Kompilieren...
  setobject.c
  sliceobject.c
  structseq.c
  tupleobject.c
  typeobject.c
  unicodectype.c
  unicodeobject.c
  weakrefobject.c
  acceler.c
  bitset.c
  firstsets.c
  grammar.c
  grammar1.c
  listnode.c
  metagrammar.c
  myreadline.c
  node.c
  parser.c
  parsetok.c
  tokenizer.c
  Kompilieren...
  invalid_parameter_handler.c
  winreg.c
  config.c
  getpathp.c
  msvcrtmodule.c
  pyhash.c
  _warnings.c
  asdl.c
  ast.c
  ast_opt.c
  ast_unparse.c
  bltinmodule.c
  bootstrap_hash.c
  ceval.c
  codecs.c
  compile.c
  context.c
  dynamic_annotations.c
  dynload_win.c
  errors.c
  Kompilieren...
  fileutils.c
  formatter_unicode.c
  frozen.c
  future.c
  getargs.c
  getcompiler.c
  getcopyright.c
  getopt.c
  getplatform.c
  getversion.c
  graminit.c
  hamt.c
  import.c
  importdl.c
  marshal.c
  modsupport.c
  mysnprintf.c
  mystrtoul.c
  pathconfig.c
  peephole.c
  Kompilieren...
  pyarena.c
  pyctype.c
  pyfpe.c
  pylifecycle.c
  pymath.c
  pytime.c
  pystate.c
  pystrcmp.c
  pystrhex.c
  pystrtod.c
  dtoa.c
  Python-ast.c
  pythonrun.c
  structmember.c
  symtable.c
  sysmodule.c
  thread.c
  traceback.c
  dl_nt.c
  getbuildinfo.c
     Bibliothek "G:\Git\ssi\libs\build\Python-3.7.7\PCbuild\amd64\python37.lib" und Objekt "G:\Git\ssi\libs\build\Python-3.7.7\PCbuild\amd64\python37.exp" werden erstellt.
  Code wird generiert.
  Codegenerierung ist abgeschlossen.
  pythoncore.vcxproj -> G:\Git\ssi\libs\build\Python-3.7.7\PCbuild\amd64\python37.dll
  pythoncore.vcxproj -> G:\Git\ssi\libs\build\Python-3.7.7\PCbuild\amd64\python37.pdb (Full PDB)
